Using pre-set license
Built from '2022.2/staging' branch; Version is '2022.2.12f1 (022dac4955a3) revision 142764'; Using compiler version '192829333'; Build Type 'Release'
OS: 'Windows 10  (10.0.19044) 64bit Professional' Language: 'ru' Physical Memory: 14237 MB
BatchMode: 1, IsHumanControllingUs: 0, StartBugReporterOnCrash: 0, Is64bit: 1, IsPro: 1

COMMAND LINE ARGUMENTS:
C:\Program Files\Unity\Hub\Editor\2022.2.12f1\Editor\Unity.exe
-adb2
-batchMode
-noUpm
-name
AssetImportWorker0
-projectPath
D:/UnityGame/VikingHiFPS
-logFile
Logs/AssetImportWorker0.log
-srvPort
18532
Successfully changed project path to: D:/UnityGame/VikingHiFPS
D:/UnityGame/VikingHiFPS
[UnityMemory] Configuration Parameters - Can be set up in boot.config
    "memorysetup-bucket-allocator-granularity=16"
    "memorysetup-bucket-allocator-bucket-count=8"
    "memorysetup-bucket-allocator-block-size=33554432"
    "memorysetup-bucket-allocator-block-count=8"
    "memorysetup-main-allocator-block-size=16777216"
    "memorysetup-thread-allocator-block-size=16777216"
    "memorysetup-gfx-main-allocator-block-size=16777216"
    "memorysetup-gfx-thread-allocator-block-size=16777216"
    "memorysetup-cache-allocator-block-size=4194304"
    "memorysetup-typetree-allocator-block-size=2097152"
    "memorysetup-profiler-bucket-allocator-granularity=16"
    "memorysetup-profiler-bucket-allocator-bucket-count=8"
    "memorysetup-profiler-bucket-allocator-block-size=33554432"
    "memorysetup-profiler-bucket-allocator-block-count=8"
    "memorysetup-profiler-allocator-block-size=16777216"
    "memorysetup-profiler-editor-allocator-block-size=1048576"
    "memorysetup-temp-allocator-size-main=16777216"
    "memorysetup-job-temp-allocator-block-size=2097152"
    "memorysetup-job-temp-allocator-block-size-background=1048576"
    "memorysetup-job-temp-allocator-reduction-small-platforms=262144"
    "memorysetup-temp-allocator-size-background-worker=32768"
    "memorysetup-temp-allocator-size-job-worker=262144"
    "memorysetup-temp-allocator-size-preload-manager=33554432"
    "memorysetup-temp-allocator-size-nav-mesh-worker=65536"
    "memorysetup-temp-allocator-size-audio-worker=65536"
    "memorysetup-temp-allocator-size-cloud-worker=32768"
    "memorysetup-temp-allocator-size-gi-baking-worker=262144"
    "memorysetup-temp-allocator-size-gfx=262144"
Player connection [408] Host "[IP] 192.168.0.107 [Port] 0 [Flags] 2 [Guid] 2600116859 [EditorId] 2600116859 [Version] 1048832 [Id] WindowsEditor(7,DESKTOP-GHT787C) [Debug] 1 [PackageName] WindowsEditor [ProjectName] Editor" joined multi-casting on [225.0.0.222:54997]...

Player connection [408] Host "[IP] 192.168.0.107 [Port] 0 [Flags] 2 [Guid] 2600116859 [EditorId] 2600116859 [Version] 1048832 [Id] WindowsEditor(7,DESKTOP-GHT787C) [Debug] 1 [PackageName] WindowsEditor [ProjectName] Editor" joined alternative multi-casting on [225.0.0.222:34997]...

Refreshing native plugins compatible for Editor in 18.91 ms, found 3 plugins.
Preloading 0 native plugins for Editor in 0.00 ms.
Initialize engine version: 2022.2.12f1 (022dac4955a3)
[Subsystems] Discovering subsystems at path C:/Program Files/Unity/Hub/Editor/2022.2.12f1/Editor/Data/Resources/UnitySubsystems
[Subsystems] Discovering subsystems at path D:/UnityGame/VikingHiFPS/Assets
GfxDevice: creating device client; threaded=0; jobified=0
Direct3D:
    Version:  Direct3D 11.0 [level 11.1]
    Renderer: NVIDIA GeForce GTX 1050 (ID=0x1c8d)
    Vendor:   NVIDIA
    VRAM:     1978 MB
    Driver:   31.0.15.3179
Initialize mono
Mono path[0] = 'C:/Program Files/Unity/Hub/Editor/2022.2.12f1/Editor/Data/Managed'
Mono path[1] = 'C:/Program Files/Unity/Hub/Editor/2022.2.12f1/Editor/Data/MonoBleedingEdge/lib/mono/unityjit-win32'
Mono config path = 'C:/Program Files/Unity/Hub/Editor/2022.2.12f1/Editor/Data/MonoBleedingEdge/etc'
Using monoOptions --debugger-agent=transport=dt_socket,embedding=1,server=y,suspend=n,address=127.0.0.1:56360
Begin MonoManager ReloadAssembly
Registering precompiled unity dll's ...
Register platform support module: C:/Program Files/Unity/Hub/Editor/2022.2.12f1/Editor/Data/PlaybackEngines/AndroidPlayer/UnityEditor.Android.Extensions.dll
Register platform support module: C:/Program Files/Unity/Hub/Editor/2022.2.12f1/Editor/Data/PlaybackEngines/WindowsStandaloneSupport/UnityEditor.WindowsStandalone.Extensions.dll
Registered in 0.014147 seconds.
- Loaded All Assemblies, in  0.554 seconds
Native extension for WindowsStandalone target not found
Native extension for Android target not found
Android Extension - Scanning For ADB Devices 419 ms
Mono: successfully reloaded assembly
- Finished resetting the current domain, in  0.885 seconds
Domain Reload Profiling:
	ReloadAssembly (306ms)
		BeginReloadAssembly (139ms)
			ExecutionOrderSort (0ms)
			DisableScriptedObjects (0ms)
			BackupInstance (0ms)
			ReleaseScriptingObjects (0ms)
			CreateAndSetChildDomain (1ms)
		LoadAllAssembliesAndSetupDomain (0ms)
			LoadAssemblies (137ms)
			RebuildTransferFunctionScriptingTraits (0ms)
			SetupTypeCache (235ms)
				TypeCache.Initialize (234ms)
					TypeCache.ScanAssembly (233ms)
				ResolveRequiredComponents (1ms)
		FinalizeReload (0ms)
			ReleaseScriptCaches (0ms)
			RebuildScriptCaches (0ms)
			SetupLoadedEditorAssemblies (793ms)
				LogAssemblyErrors (0ms)
				InitializePlatformSupportModulesInManaged (546ms)
				SetLoadedEditorAssemblies (5ms)
				RefreshPlugins (0ms)
				BeforeProcessingInitializeOnLoad (3ms)
				ProcessInitializeOnLoadAttributes (158ms)
				ProcessInitializeOnLoadMethodAttributes (81ms)
				AfterProcessingInitializeOnLoad (0ms)
				EditorAssembliesLoaded (0ms)
			ExecutionOrderSort2 (0ms)
			AwakeInstancesAfterBackupRestoration (0ms)
========================================================================
Worker process is ready to serve import requests
Begin MonoManager ReloadAssembly
Symbol file LoadedFromMemory doesn't match image D:\UnityGame\VikingHiFPS\Library\PackageCache\com.unity.visualscripting@1.8.0\Editor\VisualScripting.Core\Dependencies\YamlDotNet\Unity.VisualScripting.YamlDotNet.dll
Symbol file LoadedFromMemory doesn't match image D:\UnityGame\VikingHiFPS\Library\PackageCache\com.unity.visualscripting@1.8.0\Editor\VisualScripting.Core\Dependencies\DotNetZip\Unity.VisualScripting.IonicZip.dll
- Loaded All Assemblies, in  1.211 seconds
Refreshing native plugins compatible for Editor in 6.25 ms, found 3 plugins.
Native extension for WindowsStandalone target not found
Native extension for Android target not found
Mono: successfully reloaded assembly
Package Manager log level set to [2]
[Package Manager] Server::EnsureServerProcessIsRunning -- launch failed, reason: Unity was launched with the -noUpm command-line argument
[Package Manager] UpmClient::Send -- Unable to send message (not connected to UPM process).
[Package Manager] Cannot connect to Unity Package Manager local server
[Package Manager] Server::EnsureServerProcessIsRunning -- launch failed, reason: Unity was launched with the -noUpm command-line argument
[Package Manager] UpmClient::Send -- Unable to send message (not connected to UPM process).
[Package Manager] Cannot connect to Unity Package Manager local server
- Finished resetting the current domain, in  0.858 seconds
Domain Reload Profiling:
	ReloadAssembly (461ms)
		BeginReloadAssembly (326ms)
			ExecutionOrderSort (0ms)
			DisableScriptedObjects (9ms)
			BackupInstance (0ms)
			ReleaseScriptingObjects (0ms)
			CreateAndSetChildDomain (33ms)
		LoadAllAssembliesAndSetupDomain (747ms)
			LoadAssemblies (424ms)
			RebuildTransferFunctionScriptingTraits (0ms)
			SetupTypeCache (430ms)
				TypeCache.Initialize (389ms)
					TypeCache.ScanAssembly (384ms)
				ResolveRequiredComponents (9ms)
		FinalizeReload (0ms)
			ReleaseScriptCaches (0ms)
			RebuildScriptCaches (0ms)
			SetupLoadedEditorAssemblies (591ms)
				LogAssemblyErrors (0ms)
				InitializePlatformSupportModulesInManaged (32ms)
				SetLoadedEditorAssemblies (11ms)
				RefreshPlugins (0ms)
				BeforeProcessingInitializeOnLoad (98ms)
				ProcessInitializeOnLoadAttributes (405ms)
				ProcessInitializeOnLoadMethodAttributes (35ms)
				AfterProcessingInitializeOnLoad (10ms)
				EditorAssembliesLoaded (0ms)
			ExecutionOrderSort2 (0ms)
			AwakeInstancesAfterBackupRestoration (10ms)
Launched and connected shader compiler UnityShaderCompiler.exe after 0.07 seconds
Refreshing native plugins compatible for Editor in 6.47 ms, found 3 plugins.
Preloading 0 native plugins for Editor in 0.00 ms.
Unloading 3489 Unused Serialized files (Serialized files now loaded: 0)
Unloading 62 unused Assets / (1.5 MB). Loaded Objects now: 3937.
Memory consumption went from 208.2 MB to 206.7 MB.
Total: 5.064500 ms (FindLiveObjects: 0.352000 ms CreateObjectMapping: 0.345100 ms MarkObjects: 3.788700 ms  DeleteObjects: 0.576900 ms)

AssetImportParameters requested are different than current active one (requested -> active):
  custom:container-demuxer-ogg: 62fdf1f143b41e24485cea50d1cbac27 -> 
  custom:video-decoder-ogg-theora: a1e56fd34408186e4bbccfd4996cb3dc -> 
  custom:framework-win-MediaFoundation: 216162199b28c13a410421893ffa2e32 -> 
  custom:container-demuxer-webm: 4f35f7cbe854078d1ac9338744f61a02 -> 
  custom:container-muxer-webm: aa71ff27fc2769a1b78a27578f13a17b -> 
  custom:video-decoder-webm-vp8: 9c59270c3fd7afecdb556c50c9e8de78 -> 
  custom:AudioImporter_EditorPlatform: d09bf68614088b80899f8185d706f6e7 -> 
  custom:video-encoder-webm-vp8: eb34c28f22e8b96e1ab97ce403110664 -> 
  custom:audio-decoder-ogg-vorbis: bf7c407c2cedff20999df2af8eb42d56 -> 
  custom:audio-encoder-webm-vorbis: bf7c407c2cedff20999df2af8eb42d56 -> 
========================================================================
Received Import Request.
  Time since last request: 17312.886913 seconds.
  path: Assets/_Vikings/_Prefabs/Building/BuildingPlace.prefab
  artifactKey: Guid(f41d7e963e0ceda4487ee1daec913e9e) Importer(815301076,1909f56bfc062723c751e8b465ee728b)
Start importing Assets/_Vikings/_Prefabs/Building/BuildingPlace.prefab using Guid(f41d7e963e0ceda4487ee1daec913e9e) Importer(815301076,1909f56bfc062723c751e8b465ee728b)  -> (artifact id: 'efefe50f7907b0f4d599512fce7bcd4e') in 0.183674 seconds 
Number of updated asset objects reloaded before import = 0
Number of asset objects unloaded after import = 18
========================================================================
Received Import Request.
  Time since last request: 0.000027 seconds.
  path: Assets/_Vikings/_Prefabs/Building/CraftingTable.prefab
  artifactKey: Guid(b5e1a7e4b8754d7488b82b6200a6799b) Importer(815301076,1909f56bfc062723c751e8b465ee728b)
Start importing Assets/_Vikings/_Prefabs/Building/CraftingTable.prefab using Guid(b5e1a7e4b8754d7488b82b6200a6799b) Importer(815301076,1909f56bfc062723c751e8b465ee728b)  -> (artifact id: '0746dbfc6a716e2983027cb5f18b611b') in 0.330846 seconds 
Number of updated asset objects reloaded before import = 0
Number of asset objects unloaded after import = 66
========================================================================
Received Import Request.
  Time since last request: 22.239795 seconds.
  path: Assets/_Vikings/_Prefabs/Building/BuildingWoodStorage.prefab
  artifactKey: Guid(8bbdb0ada0764284bb3d3433c842da2b) Importer(815301076,1909f56bfc062723c751e8b465ee728b)
Start importing Assets/_Vikings/_Prefabs/Building/BuildingWoodStorage.prefab using Guid(8bbdb0ada0764284bb3d3433c842da2b) Importer(815301076,1909f56bfc062723c751e8b465ee728b)  -> (artifact id: '6f68bf0d02600fb9579d8de6e1294acb') in 0.013796 seconds 
Number of updated asset objects reloaded before import = 0
Number of asset objects unloaded after import = 17
========================================================================
Received Import Request.
  Time since last request: 26.376056 seconds.
  path: Assets/_Vikings/_Prefabs/Building/CraftingTable.prefab
  artifactKey: Guid(b5e1a7e4b8754d7488b82b6200a6799b) Importer(815301076,1909f56bfc062723c751e8b465ee728b)
Start importing Assets/_Vikings/_Prefabs/Building/CraftingTable.prefab using Guid(b5e1a7e4b8754d7488b82b6200a6799b) Importer(815301076,1909f56bfc062723c751e8b465ee728b)  -> (artifact id: 'c112bdba102251e614332c9128cbd9dc') in 0.046985 seconds 
Number of updated asset objects reloaded before import = 0
Number of asset objects unloaded after import = 66
========================================================================
Received Import Request.
  Time since last request: 0.394029 seconds.
  path: Assets/_Vikings/_Prefabs/Building/CraftingTable.prefab
  artifactKey: Guid(b5e1a7e4b8754d7488b82b6200a6799b) Importer(815301076,1909f56bfc062723c751e8b465ee728b)
Start importing Assets/_Vikings/_Prefabs/Building/CraftingTable.prefab using Guid(b5e1a7e4b8754d7488b82b6200a6799b) Importer(815301076,1909f56bfc062723c751e8b465ee728b)  -> (artifact id: 'fd220717a77da12425b3ad39546969cf') in 0.054049 seconds 
Number of updated asset objects reloaded before import = 0
Number of asset objects unloaded after import = 66
========================================================================
Received Import Request.
  Time since last request: 2.201617 seconds.
  path: Assets/_Vikings/_Prefabs/Building/CraftingTable.prefab
  artifactKey: Guid(b5e1a7e4b8754d7488b82b6200a6799b) Importer(815301076,1909f56bfc062723c751e8b465ee728b)
Start importing Assets/_Vikings/_Prefabs/Building/CraftingTable.prefab using Guid(b5e1a7e4b8754d7488b82b6200a6799b) Importer(815301076,1909f56bfc062723c751e8b465ee728b)  -> (artifact id: '30de06d0dc84b3f8296835a47e621bc0') in 0.047063 seconds 
Number of updated asset objects reloaded before import = 0
Number of asset objects unloaded after import = 66
========================================================================
Received Import Request.
  Time since last request: 0.989033 seconds.
  path: Assets/_Vikings/_Prefabs/Building/CraftingTable.prefab
  artifactKey: Guid(b5e1a7e4b8754d7488b82b6200a6799b) Importer(815301076,1909f56bfc062723c751e8b465ee728b)
Start importing Assets/_Vikings/_Prefabs/Building/CraftingTable.prefab using Guid(b5e1a7e4b8754d7488b82b6200a6799b) Importer(815301076,1909f56bfc062723c751e8b465ee728b)  -> (artifact id: '1a165df21da4ebb70802744f8adc1089') in 0.047050 seconds 
Number of updated asset objects reloaded before import = 0
Number of asset objects unloaded after import = 66
========================================================================
Received Import Request.
  Time since last request: 0.789215 seconds.
  path: Assets/_Vikings/_Prefabs/Building/CraftingTable.prefab
  artifactKey: Guid(b5e1a7e4b8754d7488b82b6200a6799b) Importer(815301076,1909f56bfc062723c751e8b465ee728b)
Start importing Assets/_Vikings/_Prefabs/Building/CraftingTable.prefab using Guid(b5e1a7e4b8754d7488b82b6200a6799b) Importer(815301076,1909f56bfc062723c751e8b465ee728b)  -> (artifact id: '56e8d0fdf63377696d01c2ebdda24662') in 0.047893 seconds 
Number of updated asset objects reloaded before import = 0
Number of asset objects unloaded after import = 66
========================================================================
Received Import Request.
  Time since last request: 0.784889 seconds.
  path: Assets/_Vikings/_Prefabs/Building/CraftingTable.prefab
  artifactKey: Guid(b5e1a7e4b8754d7488b82b6200a6799b) Importer(815301076,1909f56bfc062723c751e8b465ee728b)
Start importing Assets/_Vikings/_Prefabs/Building/CraftingTable.prefab using Guid(b5e1a7e4b8754d7488b82b6200a6799b) Importer(815301076,1909f56bfc062723c751e8b465ee728b)  -> (artifact id: 'f665bb634a313e1b07648b4cec9179cf') in 0.048058 seconds 
Number of updated asset objects reloaded before import = 0
Number of asset objects unloaded after import = 66
========================================================================
Received Import Request.
  Time since last request: 2.260285 seconds.
  path: Assets/_Vikings/_Prefabs/Building/CraftingTable.prefab
  artifactKey: Guid(b5e1a7e4b8754d7488b82b6200a6799b) Importer(815301076,1909f56bfc062723c751e8b465ee728b)
Start importing Assets/_Vikings/_Prefabs/Building/CraftingTable.prefab using Guid(b5e1a7e4b8754d7488b82b6200a6799b) Importer(815301076,1909f56bfc062723c751e8b465ee728b)  -> (artifact id: '27185cdbeca21fb6275fbc5260b926b8') in 0.044071 seconds 
Number of updated asset objects reloaded before import = 0
Number of asset objects unloaded after import = 66
========================================================================
Received Import Request.
  Time since last request: 0.518432 seconds.
  path: Assets/_Vikings/_Prefabs/Building/CraftingTable.prefab
  artifactKey: Guid(b5e1a7e4b8754d7488b82b6200a6799b) Importer(815301076,1909f56bfc062723c751e8b465ee728b)
Start importing Assets/_Vikings/_Prefabs/Building/CraftingTable.prefab using Guid(b5e1a7e4b8754d7488b82b6200a6799b) Importer(815301076,1909f56bfc062723c751e8b465ee728b)  -> (artifact id: 'bc01184098e88c0728981a5686ba8b4d') in 0.051176 seconds 
Number of updated asset objects reloaded before import = 0
Number of asset objects unloaded after import = 66
========================================================================
Received Import Request.
  Time since last request: 0.999016 seconds.
  path: Assets/_Vikings/_Prefabs/Building/CraftingTable.prefab
  artifactKey: Guid(b5e1a7e4b8754d7488b82b6200a6799b) Importer(815301076,1909f56bfc062723c751e8b465ee728b)
Start importing Assets/_Vikings/_Prefabs/Building/CraftingTable.prefab using Guid(b5e1a7e4b8754d7488b82b6200a6799b) Importer(815301076,1909f56bfc062723c751e8b465ee728b)  -> (artifact id: '7f0ee6b5a8254bbe5a7d24df6d10161f') in 0.048807 seconds 
Number of updated asset objects reloaded before import = 0
Number of asset objects unloaded after import = 66
========================================================================
Received Import Request.
  Time since last request: 2.326176 seconds.
  path: Assets/_Vikings/_Prefabs/Building/CraftingTable.prefab
  artifactKey: Guid(b5e1a7e4b8754d7488b82b6200a6799b) Importer(815301076,1909f56bfc062723c751e8b465ee728b)
Start importing Assets/_Vikings/_Prefabs/Building/CraftingTable.prefab using Guid(b5e1a7e4b8754d7488b82b6200a6799b) Importer(815301076,1909f56bfc062723c751e8b465ee728b)  -> (artifact id: 'e4c83f5d46801b04dc854c4f36a070ed') in 0.041821 seconds 
Number of updated asset objects reloaded before import = 0
Number of asset objects unloaded after import = 66
========================================================================
Received Import Request.
  Time since last request: 4.732077 seconds.
  path: Assets/_Vikings/_Prefabs/Building/CraftingTableDefault.prefab
  artifactKey: Guid(1128704e28d781c438db5dd0fa241e44) Importer(815301076,1909f56bfc062723c751e8b465ee728b)
Start importing Assets/_Vikings/_Prefabs/Building/CraftingTableDefault.prefab using Guid(1128704e28d781c438db5dd0fa241e44) Importer(815301076,1909f56bfc062723c751e8b465ee728b)  -> (artifact id: 'd592cd333eb9ce97d5185478b8ae76b4') in 0.055181 seconds 
Number of updated asset objects reloaded before import = 0
Number of asset objects unloaded after import = 55
========================================================================
Received Import Request.
  Time since last request: 0.341687 seconds.
  path: Assets/_Vikings/_Prefabs/Building/CraftingTableDefault.prefab
  artifactKey: Guid(1128704e28d781c438db5dd0fa241e44) Importer(815301076,1909f56bfc062723c751e8b465ee728b)
Start importing Assets/_Vikings/_Prefabs/Building/CraftingTableDefault.prefab using Guid(1128704e28d781c438db5dd0fa241e44) Importer(815301076,1909f56bfc062723c751e8b465ee728b)  -> (artifact id: 'e57fb40ce127dc0183a26da7588b96ff') in 0.050147 seconds 
Number of updated asset objects reloaded before import = 0
Number of asset objects unloaded after import = 55
========================================================================
Received Import Request.
  Time since last request: 0.386699 seconds.
  path: Assets/_Vikings/_Prefabs/Building/CraftingTableDefault.prefab
  artifactKey: Guid(1128704e28d781c438db5dd0fa241e44) Importer(815301076,1909f56bfc062723c751e8b465ee728b)
Start importing Assets/_Vikings/_Prefabs/Building/CraftingTableDefault.prefab using Guid(1128704e28d781c438db5dd0fa241e44) Importer(815301076,1909f56bfc062723c751e8b465ee728b)  -> (artifact id: 'e09f6d3ba75e2a15ee7ac7e915d21487') in 0.050219 seconds 
Number of updated asset objects reloaded before import = 0
Number of asset objects unloaded after import = 55
========================================================================
Received Import Request.
  Time since last request: 1.395065 seconds.
  path: Assets/_Vikings/_Prefabs/Building/CraftingTableDefault.prefab
  artifactKey: Guid(1128704e28d781c438db5dd0fa241e44) Importer(815301076,1909f56bfc062723c751e8b465ee728b)
Start importing Assets/_Vikings/_Prefabs/Building/CraftingTableDefault.prefab using Guid(1128704e28d781c438db5dd0fa241e44) Importer(815301076,1909f56bfc062723c751e8b465ee728b)  -> (artifact id: '2109a852521fab8ddce759c2b8238655') in 0.042303 seconds 
Number of updated asset objects reloaded before import = 0
Number of asset objects unloaded after import = 55
========================================================================
Received Import Request.
  Time since last request: 0.597674 seconds.
  path: Assets/_Vikings/_Prefabs/Building/CraftingTableDefault.prefab
  artifactKey: Guid(1128704e28d781c438db5dd0fa241e44) Importer(815301076,1909f56bfc062723c751e8b465ee728b)
Start importing Assets/_Vikings/_Prefabs/Building/CraftingTableDefault.prefab using Guid(1128704e28d781c438db5dd0fa241e44) Importer(815301076,1909f56bfc062723c751e8b465ee728b)  -> (artifact id: '6cd07234e68bceb259f4e526e46156ff') in 0.045152 seconds 
Number of updated asset objects reloaded before import = 0
Number of asset objects unloaded after import = 55
========================================================================
Received Import Request.
  Time since last request: 0.598053 seconds.
  path: Assets/_Vikings/_Prefabs/Building/CraftingTableDefault.prefab
  artifactKey: Guid(1128704e28d781c438db5dd0fa241e44) Importer(815301076,1909f56bfc062723c751e8b465ee728b)
Start importing Assets/_Vikings/_Prefabs/Building/CraftingTableDefault.prefab using Guid(1128704e28d781c438db5dd0fa241e44) Importer(815301076,1909f56bfc062723c751e8b465ee728b)  -> (artifact id: '7b4aadf1bbe4f3a49ad6fbbb8c8a2d9c') in 0.047680 seconds 
Number of updated asset objects reloaded before import = 0
Number of asset objects unloaded after import = 55
========================================================================
Received Import Request.
  Time since last request: 8.048616 seconds.
  path: Assets/_Vikings/_Prefabs/Building/House.prefab
  artifactKey: Guid(c434ae09455d2844d9c2f4f9377b77bd) Importer(815301076,1909f56bfc062723c751e8b465ee728b)
Start importing Assets/_Vikings/_Prefabs/Building/House.prefab using Guid(c434ae09455d2844d9c2f4f9377b77bd) Importer(815301076,1909f56bfc062723c751e8b465ee728b)  -> (artifact id: 'e56b0e4388838ee717d69d09f4a35792') in 0.014749 seconds 
Number of updated asset objects reloaded before import = 0
Number of asset objects unloaded after import = 20
========================================================================
Received Import Request.
  Time since last request: 1.018496 seconds.
  path: Assets/_Vikings/_Prefabs/Building/House.prefab
  artifactKey: Guid(c434ae09455d2844d9c2f4f9377b77bd) Importer(815301076,1909f56bfc062723c751e8b465ee728b)
Start importing Assets/_Vikings/_Prefabs/Building/House.prefab using Guid(c434ae09455d2844d9c2f4f9377b77bd) Importer(815301076,1909f56bfc062723c751e8b465ee728b)  -> (artifact id: 'fb0dcfa0a94f1bfcdafa98531a9df7f1') in 0.015054 seconds 
Number of updated asset objects reloaded before import = 0
Number of asset objects unloaded after import = 20
========================================================================
Received Import Request.
  Time since last request: 8.036087 seconds.
  path: Assets/_Vikings/_Prefabs/Building/House.prefab
  artifactKey: Guid(c434ae09455d2844d9c2f4f9377b77bd) Importer(815301076,1909f56bfc062723c751e8b465ee728b)
Start importing Assets/_Vikings/_Prefabs/Building/House.prefab using Guid(c434ae09455d2844d9c2f4f9377b77bd) Importer(815301076,1909f56bfc062723c751e8b465ee728b)  -> (artifact id: '08a0824840c3a76cdd1793716636649e') in 0.014151 seconds 
Number of updated asset objects reloaded before import = 0
Number of asset objects unloaded after import = 20
========================================================================
Received Import Request.
  Time since last request: 0.954765 seconds.
  path: Assets/_Vikings/_Prefabs/Building/House.prefab
  artifactKey: Guid(c434ae09455d2844d9c2f4f9377b77bd) Importer(815301076,1909f56bfc062723c751e8b465ee728b)
Start importing Assets/_Vikings/_Prefabs/Building/House.prefab using Guid(c434ae09455d2844d9c2f4f9377b77bd) Importer(815301076,1909f56bfc062723c751e8b465ee728b)  -> (artifact id: '2fc758e11c2ec40444ebf10ced4c6323') in 0.099354 seconds 
Number of updated asset objects reloaded before import = 0
Number of asset objects unloaded after import = 20
========================================================================
Received Import Request.
  Time since last request: 1.142819 seconds.
  path: Assets/_Vikings/_Prefabs/Building/House.prefab
  artifactKey: Guid(c434ae09455d2844d9c2f4f9377b77bd) Importer(815301076,1909f56bfc062723c751e8b465ee728b)
Start importing Assets/_Vikings/_Prefabs/Building/House.prefab using Guid(c434ae09455d2844d9c2f4f9377b77bd) Importer(815301076,1909f56bfc062723c751e8b465ee728b)  -> (artifact id: '7330d152a82bf3db215266ef1ad7e4de') in 0.012335 seconds 
Number of updated asset objects reloaded before import = 0
Number of asset objects unloaded after import = 20
========================================================================
Received Import Request.
  Time since last request: 1.413685 seconds.
  path: Assets/_Vikings/_Prefabs/Building/House.prefab
  artifactKey: Guid(c434ae09455d2844d9c2f4f9377b77bd) Importer(815301076,1909f56bfc062723c751e8b465ee728b)
Start importing Assets/_Vikings/_Prefabs/Building/House.prefab using Guid(c434ae09455d2844d9c2f4f9377b77bd) Importer(815301076,1909f56bfc062723c751e8b465ee728b)  -> (artifact id: 'af1a5392134c84ce3e50d9dc167680a6') in 0.011024 seconds 
Number of updated asset objects reloaded before import = 0
Number of asset objects unloaded after import = 20
========================================================================
Received Import Request.
  Time since last request: 3.115120 seconds.
  path: Assets/_Vikings/_Prefabs/Building/House.prefab
  artifactKey: Guid(c434ae09455d2844d9c2f4f9377b77bd) Importer(815301076,1909f56bfc062723c751e8b465ee728b)
Start importing Assets/_Vikings/_Prefabs/Building/House.prefab using Guid(c434ae09455d2844d9c2f4f9377b77bd) Importer(815301076,1909f56bfc062723c751e8b465ee728b)  -> (artifact id: '009a62a2e46a08ce642f1637c9d27ec7') in 0.016172 seconds 
Number of updated asset objects reloaded before import = 0
Number of asset objects unloaded after import = 20
========================================================================
Received Import Request.
  Time since last request: 18.117103 seconds.
  path: Assets/_Vikings/_Prefabs/Building/StorageRock.prefab
  artifactKey: Guid(7e5ac4c674ac44240bc671b01e446abd) Importer(815301076,1909f56bfc062723c751e8b465ee728b)
Start importing Assets/_Vikings/_Prefabs/Building/StorageRock.prefab using Guid(7e5ac4c674ac44240bc671b01e446abd) Importer(815301076,1909f56bfc062723c751e8b465ee728b)  -> (artifact id: 'bf4ca377cf2ee7f14f7cff5b0f7a7ce2') in 0.028785 seconds 
Number of updated asset objects reloaded before import = 0
Number of asset objects unloaded after import = 19
========================================================================
Received Import Request.
  Time since last request: 0.804897 seconds.
  path: Assets/_Vikings/_Prefabs/Building/StorageRock.prefab
  artifactKey: Guid(7e5ac4c674ac44240bc671b01e446abd) Importer(815301076,1909f56bfc062723c751e8b465ee728b)
Start importing Assets/_Vikings/_Prefabs/Building/StorageRock.prefab using Guid(7e5ac4c674ac44240bc671b01e446abd) Importer(815301076,1909f56bfc062723c751e8b465ee728b)  -> (artifact id: '112205412e3bf2dd4a6f516c5d72d0fe') in 0.025930 seconds 
Number of updated asset objects reloaded before import = 0
Number of asset objects unloaded after import = 19
========================================================================
Received Import Request.
  Time since last request: 2.808237 seconds.
  path: Assets/_Vikings/_Prefabs/Building/StorageRock.prefab
  artifactKey: Guid(7e5ac4c674ac44240bc671b01e446abd) Importer(815301076,1909f56bfc062723c751e8b465ee728b)
Start importing Assets/_Vikings/_Prefabs/Building/StorageRock.prefab using Guid(7e5ac4c674ac44240bc671b01e446abd) Importer(815301076,1909f56bfc062723c751e8b465ee728b)  -> (artifact id: '8f6be2e2a7ef37510a5dafd9da927c4d') in 0.023964 seconds 
Number of updated asset objects reloaded before import = 0
Number of asset objects unloaded after import = 19
========================================================================
Received Import Request.
  Time since last request: 1.199935 seconds.
  path: Assets/_Vikings/_Prefabs/Building/StorageRock.prefab
  artifactKey: Guid(7e5ac4c674ac44240bc671b01e446abd) Importer(815301076,1909f56bfc062723c751e8b465ee728b)
Start importing Assets/_Vikings/_Prefabs/Building/StorageRock.prefab using Guid(7e5ac4c674ac44240bc671b01e446abd) Importer(815301076,1909f56bfc062723c751e8b465ee728b)  -> (artifact id: '16883ca8ebe59bdb87f9a57ec9b50c69') in 0.022760 seconds 
Number of updated asset objects reloaded before import = 0
Number of asset objects unloaded after import = 19
========================================================================
Received Import Request.
  Time since last request: 1.401561 seconds.
  path: Assets/_Vikings/_Prefabs/Building/StorageRock.prefab
  artifactKey: Guid(7e5ac4c674ac44240bc671b01e446abd) Importer(815301076,1909f56bfc062723c751e8b465ee728b)
Start importing Assets/_Vikings/_Prefabs/Building/StorageRock.prefab using Guid(7e5ac4c674ac44240bc671b01e446abd) Importer(815301076,1909f56bfc062723c751e8b465ee728b)  -> (artifact id: 'b5b6e066dcb268bdf74f6acfc530da38') in 0.026861 seconds 
Number of updated asset objects reloaded before import = 0
Number of asset objects unloaded after import = 19
========================================================================
Received Import Request.
  Time since last request: 0.992630 seconds.
  path: Assets/_Vikings/_Prefabs/Building/StorageRock.prefab
  artifactKey: Guid(7e5ac4c674ac44240bc671b01e446abd) Importer(815301076,1909f56bfc062723c751e8b465ee728b)
Start importing Assets/_Vikings/_Prefabs/Building/StorageRock.prefab using Guid(7e5ac4c674ac44240bc671b01e446abd) Importer(815301076,1909f56bfc062723c751e8b465ee728b)  -> (artifact id: 'f1fb71e02470c7e0f9efa53380bb561d') in 0.028664 seconds 
Number of updated asset objects reloaded before import = 0
Number of asset objects unloaded after import = 19
========================================================================
Received Import Request.
  Time since last request: 3.098369 seconds.
  path: Assets/_Vikings/_Prefabs/Building/StorageRock.prefab
  artifactKey: Guid(7e5ac4c674ac44240bc671b01e446abd) Importer(815301076,1909f56bfc062723c751e8b465ee728b)
Start importing Assets/_Vikings/_Prefabs/Building/StorageRock.prefab using Guid(7e5ac4c674ac44240bc671b01e446abd) Importer(815301076,1909f56bfc062723c751e8b465ee728b)  -> (artifact id: '7bd2f8fda135b320e83cac3e8f1d0584') in 0.019942 seconds 
Number of updated asset objects reloaded before import = 0
Number of asset objects unloaded after import = 19
========================================================================
Received Prepare
Begin MonoManager ReloadAssembly
Symbol file LoadedFromMemory doesn't match image D:\UnityGame\VikingHiFPS\Library\PackageCache\com.unity.visualscripting@1.8.0\Editor\VisualScripting.Core\Dependencies\YamlDotNet\Unity.VisualScripting.YamlDotNet.dll
Symbol file LoadedFromMemory doesn't match image D:\UnityGame\VikingHiFPS\Library\PackageCache\com.unity.visualscripting@1.8.0\Editor\VisualScripting.Core\Dependencies\DotNetZip\Unity.VisualScripting.IonicZip.dll
- Loaded All Assemblies, in  1.417 seconds
Refreshing native plugins compatible for Editor in 26.53 ms, found 3 plugins.
Native extension for WindowsStandalone target not found
Native extension for Android target not found
Mono: successfully reloaded assembly
[Package Manager] Server::EnsureServerProcessIsRunning -- launch failed, reason: Unity was launched with the -noUpm command-line argument
[Package Manager] UpmClient::Send -- Unable to send message (not connected to UPM process).
[Package Manager] Cannot connect to Unity Package Manager local server
- Finished resetting the current domain, in  2.101 seconds
Domain Reload Profiling:
	ReloadAssembly (391ms)
		BeginReloadAssembly (209ms)
			ExecutionOrderSort (0ms)
			DisableScriptedObjects (8ms)
			BackupInstance (0ms)
			ReleaseScriptingObjects (0ms)
			CreateAndSetChildDomain (44ms)
		LoadAllAssembliesAndSetupDomain (1022ms)
			LoadAssemblies (361ms)
			RebuildTransferFunctionScriptingTraits (0ms)
			SetupTypeCache (772ms)
				TypeCache.Initialize (759ms)
					TypeCache.ScanAssembly (751ms)
				ResolveRequiredComponents (13ms)
		FinalizeReload (0ms)
			ReleaseScriptCaches (0ms)
			RebuildScriptCaches (0ms)
			SetupLoadedEditorAssemblies (900ms)
				LogAssemblyErrors (0ms)
				InitializePlatformSupportModulesInManaged (26ms)
				SetLoadedEditorAssemblies (10ms)
				RefreshPlugins (0ms)
				BeforeProcessingInitializeOnLoad (115ms)
				ProcessInitializeOnLoadAttributes (698ms)
				ProcessInitializeOnLoadMethodAttributes (38ms)
				AfterProcessingInitializeOnLoad (12ms)
				EditorAssembliesLoaded (0ms)
			ExecutionOrderSort2 (0ms)
			AwakeInstancesAfterBackupRestoration (12ms)
Refreshing native plugins compatible for Editor in 11.14 ms, found 3 plugins.
Preloading 0 native plugins for Editor in 0.00 ms.
Unloading 3440 Unused Serialized files (Serialized files now loaded: 0)
Unloading 53 unused Assets / (1.4 MB). Loaded Objects now: 3948.
Memory consumption went from 201.8 MB to 200.3 MB.
Total: 5.730700 ms (FindLiveObjects: 1.047100 ms CreateObjectMapping: 0.528900 ms MarkObjects: 3.840800 ms  DeleteObjects: 0.312600 ms)

Prepare: number of updated asset objects reloaded= 0
AssetImportParameters requested are different than current active one (requested -> active):
  custom:container-demuxer-ogg: 62fdf1f143b41e24485cea50d1cbac27 -> 
  custom:video-decoder-ogg-theora: a1e56fd34408186e4bbccfd4996cb3dc -> 
  custom:framework-win-MediaFoundation: 216162199b28c13a410421893ffa2e32 -> 
  custom:container-demuxer-webm: 4f35f7cbe854078d1ac9338744f61a02 -> 
  custom:container-muxer-webm: aa71ff27fc2769a1b78a27578f13a17b -> 
  custom:video-decoder-webm-vp8: 9c59270c3fd7afecdb556c50c9e8de78 -> 
  custom:AudioImporter_EditorPlatform: d09bf68614088b80899f8185d706f6e7 -> 
  custom:video-encoder-webm-vp8: eb34c28f22e8b96e1ab97ce403110664 -> 
  custom:audio-decoder-ogg-vorbis: bf7c407c2cedff20999df2af8eb42d56 -> 
  custom:audio-encoder-webm-vorbis: bf7c407c2cedff20999df2af8eb42d56 -> 
========================================================================
Received Prepare
Begin MonoManager ReloadAssembly
Symbol file LoadedFromMemory doesn't match image D:\UnityGame\VikingHiFPS\Library\PackageCache\com.unity.visualscripting@1.8.0\Editor\VisualScripting.Core\Dependencies\YamlDotNet\Unity.VisualScripting.YamlDotNet.dll
Symbol file LoadedFromMemory doesn't match image D:\UnityGame\VikingHiFPS\Library\PackageCache\com.unity.visualscripting@1.8.0\Editor\VisualScripting.Core\Dependencies\DotNetZip\Unity.VisualScripting.IonicZip.dll
- Loaded All Assemblies, in  1.419 seconds
Refreshing native plugins compatible for Editor in 13.44 ms, found 3 plugins.
Native extension for WindowsStandalone target not found
Native extension for Android target not found
Mono: successfully reloaded assembly
[Package Manager] Server::EnsureServerProcessIsRunning -- launch failed, reason: Unity was launched with the -noUpm command-line argument
[Package Manager] UpmClient::Send -- Unable to send message (not connected to UPM process).
[Package Manager] Cannot connect to Unity Package Manager local server
- Finished resetting the current domain, in  1.978 seconds
Domain Reload Profiling:
	ReloadAssembly (351ms)
		BeginReloadAssembly (199ms)
			ExecutionOrderSort (0ms)
			DisableScriptedObjects (8ms)
			BackupInstance (0ms)
			ReleaseScriptingObjects (0ms)
			CreateAndSetChildDomain (46ms)
		LoadAllAssembliesAndSetupDomain (1058ms)
			LoadAssemblies (348ms)
			RebuildTransferFunctionScriptingTraits (0ms)
			SetupTypeCache (815ms)
				TypeCache.Initialize (792ms)
					TypeCache.ScanAssembly (780ms)
				ResolveRequiredComponents (23ms)
		FinalizeReload (0ms)
			ReleaseScriptCaches (0ms)
			RebuildScriptCaches (0ms)
			SetupLoadedEditorAssemblies (871ms)
				LogAssemblyErrors (0ms)
				InitializePlatformSupportModulesInManaged (52ms)
				SetLoadedEditorAssemblies (8ms)
				RefreshPlugins (0ms)
				BeforeProcessingInitializeOnLoad (203ms)
				ProcessInitializeOnLoadAttributes (561ms)
				ProcessInitializeOnLoadMethodAttributes (35ms)
				AfterProcessingInitializeOnLoad (12ms)
				EditorAssembliesLoaded (0ms)
			ExecutionOrderSort2 (0ms)
			AwakeInstancesAfterBackupRestoration (14ms)
Refreshing native plugins compatible for Editor in 11.06 ms, found 3 plugins.
Preloading 0 native plugins for Editor in 0.00 ms.
Unloading 3441 Unused Serialized files (Serialized files now loaded: 0)
Unloading 53 unused Assets / (1.4 MB). Loaded Objects now: 3951.
Memory consumption went from 202.0 MB to 200.6 MB.
Total: 5.465500 ms (FindLiveObjects: 0.540700 ms CreateObjectMapping: 0.523200 ms MarkObjects: 3.680100 ms  DeleteObjects: 0.720600 ms)

Prepare: number of updated asset objects reloaded= 0
AssetImportParameters requested are different than current active one (requested -> active):
  custom:container-demuxer-ogg: 62fdf1f143b41e24485cea50d1cbac27 -> 
  custom:video-decoder-ogg-theora: a1e56fd34408186e4bbccfd4996cb3dc -> 
  custom:framework-win-MediaFoundation: 216162199b28c13a410421893ffa2e32 -> 
  custom:container-demuxer-webm: 4f35f7cbe854078d1ac9338744f61a02 -> 
  custom:container-muxer-webm: aa71ff27fc2769a1b78a27578f13a17b -> 
  custom:video-decoder-webm-vp8: 9c59270c3fd7afecdb556c50c9e8de78 -> 
  custom:AudioImporter_EditorPlatform: d09bf68614088b80899f8185d706f6e7 -> 
  custom:video-encoder-webm-vp8: eb34c28f22e8b96e1ab97ce403110664 -> 
  custom:audio-decoder-ogg-vorbis: bf7c407c2cedff20999df2af8eb42d56 -> 
  custom:audio-encoder-webm-vorbis: bf7c407c2cedff20999df2af8eb42d56 -> 
========================================================================
Received Prepare
Refreshing native plugins compatible for Editor in 5.05 ms, found 3 plugins.
Preloading 0 native plugins for Editor in 0.00 ms.
Unloading 13 Unused Serialized files (Serialized files now loaded: 0)
Unloading 13 unused Assets / (1.4 MB). Loaded Objects now: 3951.
Memory consumption went from 149.0 MB to 147.6 MB.
Total: 3.995800 ms (FindLiveObjects: 0.325100 ms CreateObjectMapping: 0.297100 ms MarkObjects: 3.106700 ms  DeleteObjects: 0.266000 ms)

Prepare: number of updated asset objects reloaded= 0
AssetImportParameters requested are different than current active one (requested -> active):
  custom:container-demuxer-ogg: 62fdf1f143b41e24485cea50d1cbac27 -> 
  custom:video-decoder-ogg-theora: a1e56fd34408186e4bbccfd4996cb3dc -> 
  custom:framework-win-MediaFoundation: 216162199b28c13a410421893ffa2e32 -> 
  custom:container-demuxer-webm: 4f35f7cbe854078d1ac9338744f61a02 -> 
  custom:container-muxer-webm: aa71ff27fc2769a1b78a27578f13a17b -> 
  custom:video-decoder-webm-vp8: 9c59270c3fd7afecdb556c50c9e8de78 -> 
  custom:AudioImporter_EditorPlatform: d09bf68614088b80899f8185d706f6e7 -> 
  custom:video-encoder-webm-vp8: eb34c28f22e8b96e1ab97ce403110664 -> 
  custom:audio-decoder-ogg-vorbis: bf7c407c2cedff20999df2af8eb42d56 -> 
  custom:audio-encoder-webm-vorbis: bf7c407c2cedff20999df2af8eb42d56 -> 
========================================================================
Received Import Request.
  Time since last request: 382.472990 seconds.
  path: Assets/_Vikings/_Prefabs/Building/BuildingPlace.prefab
  artifactKey: Guid(f41d7e963e0ceda4487ee1daec913e9e) Importer(815301076,1909f56bfc062723c751e8b465ee728b)
Start importing Assets/_Vikings/_Prefabs/Building/BuildingPlace.prefab using Guid(f41d7e963e0ceda4487ee1daec913e9e) Importer(815301076,1909f56bfc062723c751e8b465ee728b)  -> (artifact id: '3dfa8fd8fdb045b8470323a8040e49d4') in 0.117977 seconds 
Number of updated asset objects reloaded before import = 0
Number of asset objects unloaded after import = 18
========================================================================
Received Import Request.
  Time since last request: 0.000050 seconds.
  path: Assets/_Vikings/_Prefabs/Building/CraftingTable.prefab
  artifactKey: Guid(b5e1a7e4b8754d7488b82b6200a6799b) Importer(815301076,1909f56bfc062723c751e8b465ee728b)
Start importing Assets/_Vikings/_Prefabs/Building/CraftingTable.prefab using Guid(b5e1a7e4b8754d7488b82b6200a6799b) Importer(815301076,1909f56bfc062723c751e8b465ee728b)  -> (artifact id: 'd728d466a282da889c6fbbac54bb3f95') in 0.041217 seconds 
Number of updated asset objects reloaded before import = 0
Number of asset objects unloaded after import = 56
========================================================================
Received Import Request.
  Time since last request: 21.911845 seconds.
  path: Assets/_Vikings/_Prefabs/Building/BuildingStorageRock.prefab
  artifactKey: Guid(6535512bdaf533f4884c02c08e7f7fda) Importer(815301076,1909f56bfc062723c751e8b465ee728b)
Start importing Assets/_Vikings/_Prefabs/Building/BuildingStorageRock.prefab using Guid(6535512bdaf533f4884c02c08e7f7fda) Importer(815301076,1909f56bfc062723c751e8b465ee728b)  -> (artifact id: '19c1972b68a291295ed23c73681f32fb') in 0.044596 seconds 
Number of updated asset objects reloaded before import = 0
Number of asset objects unloaded after import = 17
========================================================================
Received Prepare
Begin MonoManager ReloadAssembly
Symbol file LoadedFromMemory doesn't match image D:\UnityGame\VikingHiFPS\Library\PackageCache\com.unity.visualscripting@1.8.0\Editor\VisualScripting.Core\Dependencies\YamlDotNet\Unity.VisualScripting.YamlDotNet.dll
Symbol file LoadedFromMemory doesn't match image D:\UnityGame\VikingHiFPS\Library\PackageCache\com.unity.visualscripting@1.8.0\Editor\VisualScripting.Core\Dependencies\DotNetZip\Unity.VisualScripting.IonicZip.dll
- Loaded All Assemblies, in  0.944 seconds
Refreshing native plugins compatible for Editor in 5.07 ms, found 3 plugins.
Native extension for WindowsStandalone target not found
Native extension for Android target not found
Mono: successfully reloaded assembly
[Package Manager] Server::EnsureServerProcessIsRunning -- launch failed, reason: Unity was launched with the -noUpm command-line argument
[Package Manager] UpmClient::Send -- Unable to send message (not connected to UPM process).
[Package Manager] Cannot connect to Unity Package Manager local server
- Finished resetting the current domain, in  1.937 seconds
Domain Reload Profiling:
	ReloadAssembly (272ms)
		BeginReloadAssembly (175ms)
			ExecutionOrderSort (0ms)
			DisableScriptedObjects (6ms)
			BackupInstance (0ms)
			ReleaseScriptingObjects (0ms)
			CreateAndSetChildDomain (47ms)
		LoadAllAssembliesAndSetupDomain (670ms)
			LoadAssemblies (361ms)
			RebuildTransferFunctionScriptingTraits (0ms)
			SetupTypeCache (387ms)
				TypeCache.Initialize (375ms)
					TypeCache.ScanAssembly (361ms)
				ResolveRequiredComponents (12ms)
		FinalizeReload (0ms)
			ReleaseScriptCaches (0ms)
			RebuildScriptCaches (0ms)
			SetupLoadedEditorAssemblies (679ms)
				LogAssemblyErrors (0ms)
				InitializePlatformSupportModulesInManaged (97ms)
				SetLoadedEditorAssemblies (8ms)
				RefreshPlugins (0ms)
				BeforeProcessingInitializeOnLoad (107ms)
				ProcessInitializeOnLoadAttributes (415ms)
				ProcessInitializeOnLoadMethodAttributes (35ms)
				AfterProcessingInitializeOnLoad (17ms)
				EditorAssembliesLoaded (0ms)
			ExecutionOrderSort2 (0ms)
			AwakeInstancesAfterBackupRestoration (12ms)
Refreshing native plugins compatible for Editor in 9.99 ms, found 3 plugins.
Preloading 0 native plugins for Editor in 0.00 ms.
Unloading 3440 Unused Serialized files (Serialized files now loaded: 0)
Unloading 53 unused Assets / (1.4 MB). Loaded Objects now: 3954.
Memory consumption went from 201.8 MB to 200.4 MB.
Total: 9.044000 ms (FindLiveObjects: 0.394600 ms CreateObjectMapping: 0.352900 ms MarkObjects: 7.760100 ms  DeleteObjects: 0.535200 ms)

Prepare: number of updated asset objects reloaded= 0
AssetImportParameters requested are different than current active one (requested -> active):
  custom:container-demuxer-ogg: 62fdf1f143b41e24485cea50d1cbac27 -> 
  custom:video-decoder-ogg-theora: a1e56fd34408186e4bbccfd4996cb3dc -> 
  custom:framework-win-MediaFoundation: 216162199b28c13a410421893ffa2e32 -> 
  custom:container-demuxer-webm: 4f35f7cbe854078d1ac9338744f61a02 -> 
  custom:container-muxer-webm: aa71ff27fc2769a1b78a27578f13a17b -> 
  custom:video-decoder-webm-vp8: 9c59270c3fd7afecdb556c50c9e8de78 -> 
  custom:AudioImporter_EditorPlatform: d09bf68614088b80899f8185d706f6e7 -> 
  custom:video-encoder-webm-vp8: eb34c28f22e8b96e1ab97ce403110664 -> 
  custom:audio-decoder-ogg-vorbis: bf7c407c2cedff20999df2af8eb42d56 -> 
  custom:audio-encoder-webm-vorbis: bf7c407c2cedff20999df2af8eb42d56 -> 
========================================================================
Received Import Request.
  Time since last request: 165.534789 seconds.
  path: Assets/_Vikings/Resources/Building/Storages/CraftingTableData.asset
  artifactKey: Guid(1fc812a57f3c9f144bdb91e364854175) Importer(815301076,1909f56bfc062723c751e8b465ee728b)
Start importing Assets/_Vikings/Resources/Building/Storages/CraftingTableData.asset using Guid(1fc812a57f3c9f144bdb91e364854175) Importer(815301076,1909f56bfc062723c751e8b465ee728b)  -> (artifact id: 'd74f0bdcbb30e7d8a2d156b23f132ac1') in 0.028171 seconds 
Number of updated asset objects reloaded before import = 0
Number of asset objects unloaded after import = 35
========================================================================
Received Import Request.
  Time since last request: 0.000028 seconds.
  path: Assets/_Vikings/Resources/Building/Storages/HouseStorage.asset
  artifactKey: Guid(ab86375ca92522e4b95c5c49e713b9be) Importer(815301076,1909f56bfc062723c751e8b465ee728b)
Start importing Assets/_Vikings/Resources/Building/Storages/HouseStorage.asset using Guid(ab86375ca92522e4b95c5c49e713b9be) Importer(815301076,1909f56bfc062723c751e8b465ee728b)  -> (artifact id: '2b5ab09b4ee680cbe3dbaec7e7511146') in 0.009796 seconds 
Number of updated asset objects reloaded before import = 0
Number of asset objects unloaded after import = 86
========================================================================
Received Import Request.
  Time since last request: 0.000019 seconds.
  path: Assets/_Vikings/Resources/Building/Storages/CraftingTableDataDefault.asset
  artifactKey: Guid(8556bafbd029f304096a42175a8fc358) Importer(815301076,1909f56bfc062723c751e8b465ee728b)
Start importing Assets/_Vikings/Resources/Building/Storages/CraftingTableDataDefault.asset using Guid(8556bafbd029f304096a42175a8fc358) Importer(815301076,1909f56bfc062723c751e8b465ee728b)  -> (artifact id: '0800c053cf66fdba50f0f4a0ae1eabcb') in 0.004714 seconds 
Number of updated asset objects reloaded before import = 0
Number of asset objects unloaded after import = 24
========================================================================
Received Import Request.
  Time since last request: 0.000015 seconds.
  path: Assets/_Vikings/Resources/Building/Storages/StorageRockData.asset
  artifactKey: Guid(e3cc3053499092a49a9428165be974ad) Importer(815301076,1909f56bfc062723c751e8b465ee728b)
Start importing Assets/_Vikings/Resources/Building/Storages/StorageRockData.asset using Guid(e3cc3053499092a49a9428165be974ad) Importer(815301076,1909f56bfc062723c751e8b465ee728b)  -> (artifact id: 'af02ee3e6df58ba5e1b6a96188d0d483') in 0.004967 seconds 
Number of updated asset objects reloaded before import = 0
Number of asset objects unloaded after import = 34
========================================================================
Received Import Request.
  Time since last request: 0.000015 seconds.
  path: Assets/_Vikings/Resources/Building/Storages/StorageWoodData.asset
  artifactKey: Guid(480902296caabf2408ac395a39489084) Importer(815301076,1909f56bfc062723c751e8b465ee728b)
Start importing Assets/_Vikings/Resources/Building/Storages/StorageWoodData.asset using Guid(480902296caabf2408ac395a39489084) Importer(815301076,1909f56bfc062723c751e8b465ee728b)  -> (artifact id: 'dfd79d123a745a45e4254d7f7fe80583') in 0.005950 seconds 
Number of updated asset objects reloaded before import = 0
Number of asset objects unloaded after import = 34
========================================================================
Received Prepare
Begin MonoManager ReloadAssembly
Symbol file LoadedFromMemory doesn't match image D:\UnityGame\VikingHiFPS\Library\PackageCache\com.unity.visualscripting@1.8.0\Editor\VisualScripting.Core\Dependencies\YamlDotNet\Unity.VisualScripting.YamlDotNet.dll
Symbol file LoadedFromMemory doesn't match image D:\UnityGame\VikingHiFPS\Library\PackageCache\com.unity.visualscripting@1.8.0\Editor\VisualScripting.Core\Dependencies\DotNetZip\Unity.VisualScripting.IonicZip.dll
- Loaded All Assemblies, in  0.941 seconds
Refreshing native plugins compatible for Editor in 14.66 ms, found 3 plugins.
Native extension for WindowsStandalone target not found
Native extension for Android target not found
Mono: successfully reloaded assembly
[Package Manager] Server::EnsureServerProcessIsRunning -- launch failed, reason: Unity was launched with the -noUpm command-line argument
[Package Manager] UpmClient::Send -- Unable to send message (not connected to UPM process).
[Package Manager] Cannot connect to Unity Package Manager local server
- Finished resetting the current domain, in  2.550 seconds
Domain Reload Profiling:
	ReloadAssembly (267ms)
		BeginReloadAssembly (174ms)
			ExecutionOrderSort (0ms)
			DisableScriptedObjects (7ms)
			BackupInstance (0ms)
			ReleaseScriptingObjects (0ms)
			CreateAndSetChildDomain (45ms)
		LoadAllAssembliesAndSetupDomain (672ms)
			LoadAssemblies (419ms)
			RebuildTransferFunctionScriptingTraits (0ms)
			SetupTypeCache (333ms)
				TypeCache.Initialize (319ms)
					TypeCache.ScanAssembly (311ms)
				ResolveRequiredComponents (14ms)
		FinalizeReload (0ms)
			ReleaseScriptCaches (0ms)
			RebuildScriptCaches (0ms)
			SetupLoadedEditorAssemblies (808ms)
				LogAssemblyErrors (0ms)
				InitializePlatformSupportModulesInManaged (30ms)
				SetLoadedEditorAssemblies (8ms)
				RefreshPlugins (0ms)
				BeforeProcessingInitializeOnLoad (115ms)
				ProcessInitializeOnLoadAttributes (607ms)
				ProcessInitializeOnLoadMethodAttributes (37ms)
				AfterProcessingInitializeOnLoad (11ms)
				EditorAssembliesLoaded (0ms)
			ExecutionOrderSort2 (0ms)
			AwakeInstancesAfterBackupRestoration (16ms)
Refreshing native plugins compatible for Editor in 9.78 ms, found 3 plugins.
Preloading 0 native plugins for Editor in 0.00 ms.
Unloading 3440 Unused Serialized files (Serialized files now loaded: 0)
Unloading 53 unused Assets / (1.4 MB). Loaded Objects now: 3957.
Memory consumption went from 201.8 MB to 200.4 MB.
Total: 4.777400 ms (FindLiveObjects: 0.493400 ms CreateObjectMapping: 0.525900 ms MarkObjects: 3.354400 ms  DeleteObjects: 0.402800 ms)

Prepare: number of updated asset objects reloaded= 0
AssetImportParameters requested are different than current active one (requested -> active):
  custom:container-demuxer-ogg: 62fdf1f143b41e24485cea50d1cbac27 -> 
  custom:video-decoder-ogg-theora: a1e56fd34408186e4bbccfd4996cb3dc -> 
  custom:framework-win-MediaFoundation: 216162199b28c13a410421893ffa2e32 -> 
  custom:container-demuxer-webm: 4f35f7cbe854078d1ac9338744f61a02 -> 
  custom:container-muxer-webm: aa71ff27fc2769a1b78a27578f13a17b -> 
  custom:video-decoder-webm-vp8: 9c59270c3fd7afecdb556c50c9e8de78 -> 
  custom:AudioImporter_EditorPlatform: d09bf68614088b80899f8185d706f6e7 -> 
  custom:video-encoder-webm-vp8: eb34c28f22e8b96e1ab97ce403110664 -> 
  custom:audio-decoder-ogg-vorbis: bf7c407c2cedff20999df2af8eb42d56 -> 
  custom:audio-encoder-webm-vorbis: bf7c407c2cedff20999df2af8eb42d56 -> 
========================================================================
Received Prepare
Begin MonoManager ReloadAssembly
Symbol file LoadedFromMemory doesn't match image D:\UnityGame\VikingHiFPS\Library\PackageCache\com.unity.visualscripting@1.8.0\Editor\VisualScripting.Core\Dependencies\YamlDotNet\Unity.VisualScripting.YamlDotNet.dll
Symbol file LoadedFromMemory doesn't match image D:\UnityGame\VikingHiFPS\Library\PackageCache\com.unity.visualscripting@1.8.0\Editor\VisualScripting.Core\Dependencies\DotNetZip\Unity.VisualScripting.IonicZip.dll
- Loaded All Assemblies, in  0.959 seconds
Refreshing native plugins compatible for Editor in 7.18 ms, found 3 plugins.
Native extension for WindowsStandalone target not found
Native extension for Android target not found
Mono: successfully reloaded assembly
[Package Manager] Server::EnsureServerProcessIsRunning -- launch failed, reason: Unity was launched with the -noUpm command-line argument
[Package Manager] UpmClient::Send -- Unable to send message (not connected to UPM process).
[Package Manager] Cannot connect to Unity Package Manager local server
- Finished resetting the current domain, in  2.491 seconds
Domain Reload Profiling:
	ReloadAssembly (272ms)
		BeginReloadAssembly (179ms)
			ExecutionOrderSort (0ms)
			DisableScriptedObjects (8ms)
			BackupInstance (0ms)
			ReleaseScriptingObjects (0ms)
			CreateAndSetChildDomain (47ms)
		LoadAllAssembliesAndSetupDomain (686ms)
			LoadAssemblies (408ms)
			RebuildTransferFunctionScriptingTraits (0ms)
			SetupTypeCache (360ms)
				TypeCache.Initialize (353ms)
					TypeCache.ScanAssembly (347ms)
				ResolveRequiredComponents (7ms)
		FinalizeReload (0ms)
			ReleaseScriptCaches (0ms)
			RebuildScriptCaches (0ms)
			SetupLoadedEditorAssemblies (884ms)
				LogAssemblyErrors (0ms)
				InitializePlatformSupportModulesInManaged (25ms)
				SetLoadedEditorAssemblies (7ms)
				RefreshPlugins (0ms)
				BeforeProcessingInitializeOnLoad (108ms)
				ProcessInitializeOnLoadAttributes (690ms)
				ProcessInitializeOnLoadMethodAttributes (42ms)
				AfterProcessingInitializeOnLoad (11ms)
				EditorAssembliesLoaded (0ms)
			ExecutionOrderSort2 (0ms)
			AwakeInstancesAfterBackupRestoration (13ms)
Refreshing native plugins compatible for Editor in 9.37 ms, found 3 plugins.
Preloading 0 native plugins for Editor in 0.00 ms.
Unloading 3441 Unused Serialized files (Serialized files now loaded: 0)
Unloading 53 unused Assets / (1.4 MB). Loaded Objects now: 3960.
Memory consumption went from 202.1 MB to 200.6 MB.
Total: 6.144100 ms (FindLiveObjects: 1.148700 ms CreateObjectMapping: 0.569000 ms MarkObjects: 3.971400 ms  DeleteObjects: 0.454100 ms)

Prepare: number of updated asset objects reloaded= 0
AssetImportParameters requested are different than current active one (requested -> active):
  custom:container-demuxer-ogg: 62fdf1f143b41e24485cea50d1cbac27 -> 
  custom:video-decoder-ogg-theora: a1e56fd34408186e4bbccfd4996cb3dc -> 
  custom:framework-win-MediaFoundation: 216162199b28c13a410421893ffa2e32 -> 
  custom:container-demuxer-webm: 4f35f7cbe854078d1ac9338744f61a02 -> 
  custom:container-muxer-webm: aa71ff27fc2769a1b78a27578f13a17b -> 
  custom:video-decoder-webm-vp8: 9c59270c3fd7afecdb556c50c9e8de78 -> 
  custom:AudioImporter_EditorPlatform: d09bf68614088b80899f8185d706f6e7 -> 
  custom:video-encoder-webm-vp8: eb34c28f22e8b96e1ab97ce403110664 -> 
  custom:audio-decoder-ogg-vorbis: bf7c407c2cedff20999df2af8eb42d56 -> 
  custom:audio-encoder-webm-vorbis: bf7c407c2cedff20999df2af8eb42d56 -> 
========================================================================
Received Import Request.
  Time since last request: 223.534682 seconds.
  path: Assets/_Vikings/Resources/Building/CraftingTableBuilding.asset
  artifactKey: Guid(f2392d6c41d9cfc4e81358fd46c6c695) Importer(815301076,1909f56bfc062723c751e8b465ee728b)
Start importing Assets/_Vikings/Resources/Building/CraftingTableBuilding.asset using Guid(f2392d6c41d9cfc4e81358fd46c6c695) Importer(815301076,1909f56bfc062723c751e8b465ee728b)  -> (artifact id: '139c069ec15332977eeaef9ca00fc764') in 0.022373 seconds 
Number of updated asset objects reloaded before import = 0
Number of asset objects unloaded after import = 35
========================================================================
Received Import Request.
  Time since last request: 50.476111 seconds.
  path: Assets/_Vikings/Resources/Building/CraftingTableBuildingDefault.asset
  artifactKey: Guid(286bb1c6aed69f04490fb374cf130e8f) Importer(815301076,1909f56bfc062723c751e8b465ee728b)
Start importing Assets/_Vikings/Resources/Building/CraftingTableBuildingDefault.asset using Guid(286bb1c6aed69f04490fb374cf130e8f) Importer(815301076,1909f56bfc062723c751e8b465ee728b)  -> (artifact id: 'ddad17eec95a4e5ab2686ce190ee3841') in 0.007303 seconds 
Number of updated asset objects reloaded before import = 0
Number of asset objects unloaded after import = 35
========================================================================
Received Import Request.
  Time since last request: 0.000018 seconds.
  path: Assets/_Vikings/Resources/Building/WoodStorageBD.asset
  artifactKey: Guid(63cf7087542e9bd4d98a37838c0a57d1) Importer(815301076,1909f56bfc062723c751e8b465ee728b)
Start importing Assets/_Vikings/Resources/Building/WoodStorageBD.asset using Guid(63cf7087542e9bd4d98a37838c0a57d1) Importer(815301076,1909f56bfc062723c751e8b465ee728b)  -> (artifact id: 'b20f362646469f43cfbc631558f9617a') in 0.011209 seconds 
Number of updated asset objects reloaded before import = 0
Number of asset objects unloaded after import = 43
========================================================================
Received Import Request.
  Time since last request: 0.000025 seconds.
  path: Assets/_Vikings/Resources/Building/RockStorageBD.asset
  artifactKey: Guid(faf2712929f2ea84097b4dfb786d3243) Importer(815301076,1909f56bfc062723c751e8b465ee728b)
Start importing Assets/_Vikings/Resources/Building/RockStorageBD.asset using Guid(faf2712929f2ea84097b4dfb786d3243) Importer(815301076,1909f56bfc062723c751e8b465ee728b)  -> (artifact id: '391bcbbc2c6aed23c26eb0722028de5c') in 0.005823 seconds 
Number of updated asset objects reloaded before import = 0
Number of asset objects unloaded after import = 35
========================================================================
Received Import Request.
  Time since last request: 0.000034 seconds.
  path: Assets/_Vikings/Resources/Building/HouseBuilding.asset
  artifactKey: Guid(76892b6b58a68174ebdf5c2fa5ab23eb) Importer(815301076,1909f56bfc062723c751e8b465ee728b)
Start importing Assets/_Vikings/Resources/Building/HouseBuilding.asset using Guid(76892b6b58a68174ebdf5c2fa5ab23eb) Importer(815301076,1909f56bfc062723c751e8b465ee728b)  -> (artifact id: 'd72c196cc8557c915b05bcbd694e4c71') in 0.008867 seconds 
Number of updated asset objects reloaded before import = 0
Number of asset objects unloaded after import = 95
========================================================================
Received Import Request.
  Time since last request: 1.409173 seconds.
  path: Assets/_Vikings/Resources/Building/Storages
  artifactKey: Guid(26dffbebc41affd4f9773fce65079617) Importer(815301076,1909f56bfc062723c751e8b465ee728b)
Start importing Assets/_Vikings/Resources/Building/Storages using Guid(26dffbebc41affd4f9773fce65079617) Importer(815301076,1909f56bfc062723c751e8b465ee728b)  -> (artifact id: '1588a7ba810a310f43c4d860dbcc3398') in 0.000766 seconds 
Number of updated asset objects reloaded before import = 0
Number of asset objects unloaded after import = 0
========================================================================
Received Import Request.
  Time since last request: 405.876992 seconds.
  path: Assets/_Vikings/_Prefabs/Building/CraftingTable.prefab
  artifactKey: Guid(b5e1a7e4b8754d7488b82b6200a6799b) Importer(815301076,1909f56bfc062723c751e8b465ee728b)
Start importing Assets/_Vikings/_Prefabs/Building/CraftingTable.prefab using Guid(b5e1a7e4b8754d7488b82b6200a6799b) Importer(815301076,1909f56bfc062723c751e8b465ee728b)  -> (artifact id: '268e9b73b9f6ddba7a8b44351e92c90f') in 0.140619 seconds 
Number of updated asset objects reloaded before import = 0
Number of asset objects unloaded after import = 66
========================================================================
Received Import Request.
  Time since last request: 0.000029 seconds.
  path: Assets/_Vikings/Resources/Building/RockStorageBD.asset
  artifactKey: Guid(faf2712929f2ea84097b4dfb786d3243) Importer(815301076,1909f56bfc062723c751e8b465ee728b)
Start importing Assets/_Vikings/Resources/Building/RockStorageBD.asset using Guid(faf2712929f2ea84097b4dfb786d3243) Importer(815301076,1909f56bfc062723c751e8b465ee728b)  -> (artifact id: '12d594525f28418d097d1b866b0d4d0b') in 0.004981 seconds 
Number of updated asset objects reloaded before import = 0
Number of asset objects unloaded after import = 43
========================================================================
Received Import Request.
  Time since last request: 1164.450330 seconds.
  path: Assets/_Vikings/Resources/Building/CraftingTableBuildingDefault.asset
  artifactKey: Guid(286bb1c6aed69f04490fb374cf130e8f) Importer(815301076,1909f56bfc062723c751e8b465ee728b)
Start importing Assets/_Vikings/Resources/Building/CraftingTableBuildingDefault.asset using Guid(286bb1c6aed69f04490fb374cf130e8f) Importer(815301076,1909f56bfc062723c751e8b465ee728b)  -> (artifact id: 'cc56e85eb079e1626436fa24a6234cba') in 3.058696 seconds 
Number of updated asset objects reloaded before import = 0
Number of asset objects unloaded after import = 44
========================================================================
Received Import Request.
  Time since last request: 16.273274 seconds.
  path: Assets/_Vikings/Resources/Building/CraftingTableBuilding.asset
  artifactKey: Guid(f2392d6c41d9cfc4e81358fd46c6c695) Importer(815301076,1909f56bfc062723c751e8b465ee728b)
Start importing Assets/_Vikings/Resources/Building/CraftingTableBuilding.asset using Guid(f2392d6c41d9cfc4e81358fd46c6c695) Importer(815301076,1909f56bfc062723c751e8b465ee728b)  -> (artifact id: '0418efe9d647baab96d5c74d6e2d5b9c') in 0.168263 seconds 
Number of updated asset objects reloaded before import = 0
Number of asset objects unloaded after import = 44
========================================================================
Received Prepare
Begin MonoManager ReloadAssembly
Symbol file LoadedFromMemory doesn't match image D:\UnityGame\VikingHiFPS\Library\PackageCache\com.unity.visualscripting@1.8.0\Editor\VisualScripting.Core\Dependencies\YamlDotNet\Unity.VisualScripting.YamlDotNet.dll
Symbol file LoadedFromMemory doesn't match image D:\UnityGame\VikingHiFPS\Library\PackageCache\com.unity.visualscripting@1.8.0\Editor\VisualScripting.Core\Dependencies\DotNetZip\Unity.VisualScripting.IonicZip.dll
- Loaded All Assemblies, in  2.985 seconds
Refreshing native plugins compatible for Editor in 10.46 ms, found 3 plugins.
Native extension for WindowsStandalone target not found
Native extension for Android target not found
Mono: successfully reloaded assembly
[Package Manager] Server::EnsureServerProcessIsRunning -- launch failed, reason: Unity was launched with the -noUpm command-line argument
[Package Manager] UpmClient::Send -- Unable to send message (not connected to UPM process).
[Package Manager] Cannot connect to Unity Package Manager local server
- Finished resetting the current domain, in 132.528 seconds
Domain Reload Profiling:
	ReloadAssembly (478ms)
		BeginReloadAssembly (278ms)
			ExecutionOrderSort (0ms)
			DisableScriptedObjects (9ms)
			BackupInstance (0ms)
			ReleaseScriptingObjects (0ms)
			CreateAndSetChildDomain (79ms)
		LoadAllAssembliesAndSetupDomain (2496ms)
			LoadAssemblies (1951ms)
			RebuildTransferFunctionScriptingTraits (0ms)
			SetupTypeCache (663ms)
				TypeCache.Initialize (653ms)
					TypeCache.ScanAssembly (640ms)
				ResolveRequiredComponents (10ms)
		FinalizeReload (0ms)
			ReleaseScriptCaches (0ms)
			RebuildScriptCaches (0ms)
			SetupLoadedEditorAssemblies (456ms)
				LogAssemblyErrors (0ms)
				InitializePlatformSupportModulesInManaged (29ms)
				SetLoadedEditorAssemblies (8ms)
				RefreshPlugins (0ms)
				BeforeProcessingInitializeOnLoad (87ms)
				ProcessInitializeOnLoadAttributes (296ms)
				ProcessInitializeOnLoadMethodAttributes (28ms)
				AfterProcessingInitializeOnLoad (8ms)
				EditorAssembliesLoaded (0ms)
			ExecutionOrderSort2 (0ms)
			AwakeInstancesAfterBackupRestoration (10ms)
Refreshing native plugins compatible for Editor in 8.22 ms, found 3 plugins.
Preloading 0 native plugins for Editor in 0.00 ms.
Unloading 3440 Unused Serialized files (Serialized files now loaded: 0)
Unloading 53 unused Assets / (1.4 MB). Loaded Objects now: 3963.
Memory consumption went from 201.8 MB to 200.4 MB.
Total: 5.482900 ms (FindLiveObjects: 0.394900 ms CreateObjectMapping: 0.262100 ms MarkObjects: 4.278000 ms  DeleteObjects: 0.546900 ms)

Prepare: number of updated asset objects reloaded= 0
AssetImportParameters requested are different than current active one (requested -> active):
  custom:container-demuxer-ogg: 62fdf1f143b41e24485cea50d1cbac27 -> 
  custom:video-decoder-ogg-theora: a1e56fd34408186e4bbccfd4996cb3dc -> 
  custom:framework-win-MediaFoundation: 216162199b28c13a410421893ffa2e32 -> 
  custom:container-demuxer-webm: 4f35f7cbe854078d1ac9338744f61a02 -> 
  custom:container-muxer-webm: aa71ff27fc2769a1b78a27578f13a17b -> 
  custom:video-decoder-webm-vp8: 9c59270c3fd7afecdb556c50c9e8de78 -> 
  custom:AudioImporter_EditorPlatform: d09bf68614088b80899f8185d706f6e7 -> 
  custom:video-encoder-webm-vp8: eb34c28f22e8b96e1ab97ce403110664 -> 
  custom:audio-decoder-ogg-vorbis: bf7c407c2cedff20999df2af8eb42d56 -> 
  custom:audio-encoder-webm-vorbis: bf7c407c2cedff20999df2af8eb42d56 -> 
========================================================================
Received Prepare
Refreshing native plugins compatible for Editor in 5.08 ms, found 3 plugins.
Preloading 0 native plugins for Editor in 0.00 ms.
Unloading 13 Unused Serialized files (Serialized files now loaded: 0)
Unloading 13 unused Assets / (1.4 MB). Loaded Objects now: 3963.
Memory consumption went from 149.0 MB to 147.6 MB.
Total: 3.594100 ms (FindLiveObjects: 0.304700 ms CreateObjectMapping: 0.298200 ms MarkObjects: 2.684900 ms  DeleteObjects: 0.305400 ms)

Prepare: number of updated asset objects reloaded= 0
AssetImportParameters requested are different than current active one (requested -> active):
  custom:container-demuxer-ogg: 62fdf1f143b41e24485cea50d1cbac27 -> 
  custom:video-decoder-ogg-theora: a1e56fd34408186e4bbccfd4996cb3dc -> 
  custom:framework-win-MediaFoundation: 216162199b28c13a410421893ffa2e32 -> 
  custom:container-demuxer-webm: 4f35f7cbe854078d1ac9338744f61a02 -> 
  custom:container-muxer-webm: aa71ff27fc2769a1b78a27578f13a17b -> 
  custom:video-decoder-webm-vp8: 9c59270c3fd7afecdb556c50c9e8de78 -> 
  custom:AudioImporter_EditorPlatform: d09bf68614088b80899f8185d706f6e7 -> 
  custom:video-encoder-webm-vp8: eb34c28f22e8b96e1ab97ce403110664 -> 
  custom:audio-decoder-ogg-vorbis: bf7c407c2cedff20999df2af8eb42d56 -> 
  custom:audio-encoder-webm-vorbis: bf7c407c2cedff20999df2af8eb42d56 -> 
